#
# There is insufficient memory for the Java Runtime Environment to continue.
# Native memory allocation (mmap) failed to map 132120576 bytes. Error detail: G1 virtual space
# Possible reasons:
#   The system is out of physical RAM or swap space
#   This process is running with CompressedOops enabled, and the Java Heap may be blocking the growth of the native heap
# Possible solutions:
#   Reduce memory load on the system
#   Increase physical memory or swap space
#   Check if swap backing store is full
#   Decrease Java heap size (-Xmx/-Xms)
#   Decrease number of Java threads
#   Decrease Java thread stack sizes (-Xss)
#   Set larger code cache with -XX:ReservedCodeCacheSize=
#   JVM is running with Unscaled Compressed Oops mode in which the Java heap is
#     placed in the first 4GB address space. The Java Heap base address is the
#     maximum limit for the native heap growth. Please use -XX:HeapBaseMinAddress
#     to set the Java Heap base and to place the Java Heap above 4GB virtual address.
# This output file may be truncated or incomplete.
#
#  Out of Memory Error (os_windows.cpp:3631), pid=22508, tid=14500
#
# JRE version:  (22.0.1+8) (build )
# Java VM: Java HotSpot(TM) 64-Bit Server VM (22.0.1+8-16, mixed mode, sharing, tiered, compressed oops, compressed class ptrs, g1 gc, windows-amd64)
# No core dump will be written. Minidumps are not enabled by default on client versions of Windows
#

---------------  S U M M A R Y ------------

Command Line: --enable-preview -XX:+ShowCodeDetailsInExceptionMessages Score

Host: Intel(R) Core(TM) i5-8365U CPU @ 1.60GHz, 8 cores, 7G,  Windows 11 , 64 bit Build 22621 (10.0.22621.3958)
Time: Sat Sep  7 22:57:19 2024 India Standard Time elapsed time: 0.015185 seconds (0d 0h 0m 0s)

---------------  T H R E A D  ---------------

Current thread (0x000001c9ce5bdc40):  JavaThread "Unknown thread" [_thread_in_vm, id=14500, stack(0x0000002d12900000,0x0000002d12a00000) (1024K)]

Stack: [0x0000002d12900000,0x0000002d12a00000]
Native frames: (J=compiled Java code, j=interpreted, Vv=VM code, C=native code)
V  [jvm.dll+0x6e2279]  (no source info available)
V  [jvm.dll+0x874e33]  (no source info available)
V  [jvm.dll+0x87725e]  (no source info available)
V  [jvm.dll+0x877933]  (no source info available)
V  [jvm.dll+0x27fd76]  (no source info available)
V  [jvm.dll+0x6de915]  (no source info available)
V  [jvm.dll+0x6d341a]  (no source info available)
V  [jvm.dll+0x3589da]  (no source info available)
V  [jvm.dll+0x360f06]  (no source info available)
V  [jvm.dll+0x3b3e2e]  (no source info available)
V  [jvm.dll+0x3b40d8]  (no source info available)
V  [jvm.dll+0x32c59c]  (no source info available)
V  [jvm.dll+0x32d158]  (no source info available)
V  [jvm.dll+0x83ccdc]  (no source info available)
V  [jvm.dll+0x3c0d71]  (no source info available)
V  [jvm.dll+0x825ccc]  (no source info available)
V  [jvm.dll+0x45b8fe]  (no source info available)
V  [jvm.dll+0x45d781]  (no source info available)
C  [jli.dll+0x52a3]  (no source info available)
C  [ucrtbase.dll+0x29333]  (no source info available)
C  [KERNEL32.DLL+0x1257d]  (no source info available)
C  [ntdll.dll+0x5af28]  (no source info available)


---------------  P R O C E S S  ---------------

Threads class SMR info:
_java_thread_list=0x00007ffd36f3b1c8, length=0, elements={
}

Java Threads: ( => current thread )
Total: 0

Other Threads:
  0x000001c9d093ec20 WorkerThread "GC Thread#0"                     [id=5596, stack(0x0000002d12a00000,0x0000002d12b00000) (1024K)]
  0x000001c9d094f6d0 ConcurrentGCThread "G1 Main Marker"            [id=13472, stack(0x0000002d12b00000,0x0000002d12c00000) (1024K)]
  0x000001c9d09501e0 WorkerThread "G1 Conc#0"                       [id=3932, stack(0x0000002d12c00000,0x0000002d12d00000) (1024K)]

[error occurred during error reporting (printing all threads), id 0xc0000005, EXCEPTION_ACCESS_VIOLATION (0xc0000005) at pc=0x00007ffd3668f367]
VM state: not at safepoint (not fully initialized)

VM Mutex/Monitor currently owned by a thread:  ([mutex/lock_event])
[0x00007ffd36fbbcb8] Heap_lock - owner thread: 0x000001c9ce5bdc40

Heap address: 0x0000000082e00000, size: 2002 MB, Compressed Oops mode: 32-bit

CDS archive(s) mapped at: [0x0000000000000000-0x0000000000000000-0x0000000000000000), size 0, SharedBaseAddress: 0x0000000800000000, ArchiveRelocationMode: 1.
Narrow klass base: 0x0000000000000000, Narrow klass shift: 0, Narrow klass range: 0x0

GC Precious Log:
 CardTable entry size: 512
 Card Set container configuration: InlinePtr #cards 5 size 8 Array Of Cards #cards 12 size 40 Howl #buckets 4 coarsen threshold 1843 Howl Bitmap #cards 512 size 80 coarsen threshold 460 Card regions per heap region 1 cards per card region 2048

Heap:
 garbage-first heap   total reserved 2050048K, committed 0K, used 0K [0x0000000082e00000, 0x0000000100000000)
  region size 1024K, 0 young (0K), 0 survivors (0K)

[error occurred during error reporting (printing heap information), id 0xc0000005, EXCEPTION_ACCESS_VIOLATION (0xc0000005) at pc=0x00007ffd36a8e429]
GC Heap History (0 events):
No events

Dll operation events (1 events):
Event: 0.008 Loaded shared library C:\Program Files\Java\jdk-22\bin\java.dll

Deoptimization events (0 events):
No events

Classes loaded (0 events):
No events

Classes unloaded (0 events):
No events

Classes redefined (0 events):
No events

Internal exceptions (0 events):
No events

ZGC Phase Switch (0 events):
No events

VM Operations (0 events):
No events

Events (0 events):
No events


Dynamic libraries:
0x00007ff7a23e0000 - 0x00007ff7a23f0000 	C:\Program Files\Java\jdk-22\bin\java.exe
0x00007ffda2db0000 - 0x00007ffda2fc7000 	C:\WINDOWS\SYSTEM32\ntdll.dll
0x00007ffda0ae0000 - 0x00007ffda0ba4000 	C:\WINDOWS\System32\KERNEL32.DLL
0x00007ffda0450000 - 0x00007ffda07fd000 	C:\WINDOWS\System32\KERNELBASE.dll
0x00007ffda0330000 - 0x00007ffda0441000 	C:\WINDOWS\System32\ucrtbase.dll
0x00007ffd4c8c0000 - 0x00007ffd4c8d7000 	C:\Program Files\Java\jdk-22\bin\jli.dll
0x00007ffd47b60000 - 0x00007ffd47b7b000 	C:\Program Files\Java\jdk-22\bin\VCRUNTIME140.dll
0x00007ffda14b0000 - 0x00007ffda1562000 	C:\WINDOWS\System32\ADVAPI32.dll
0x00007ffda1e10000 - 0x00007ffda1eb7000 	C:\WINDOWS\System32\msvcrt.dll
0x00007ffda1fd0000 - 0x00007ffda2079000 	C:\WINDOWS\System32\sechost.dll
0x00007ffda0800000 - 0x00007ffda0828000 	C:\WINDOWS\System32\bcrypt.dll
0x00007ffda0c10000 - 0x00007ffda0d24000 	C:\WINDOWS\System32\RPCRT4.dll
0x00007ffda2300000 - 0x00007ffda24ae000 	C:\WINDOWS\System32\USER32.dll
0x00007ffda0290000 - 0x00007ffda02b6000 	C:\WINDOWS\System32\win32u.dll
0x00007ffd8c0e0000 - 0x00007ffd8c373000 	C:\WINDOWS\WinSxS\amd64_microsoft.windows.common-controls_6595b64144ccf1df_6.0.22621.3672_none_2713b9d173822955\COMCTL32.dll
0x00007ffda1ec0000 - 0x00007ffda1ee9000 	C:\WINDOWS\System32\GDI32.dll
0x00007ffda00d0000 - 0x00007ffda01e9000 	C:\WINDOWS\System32\gdi32full.dll
0x00007ffda01f0000 - 0x00007ffda028a000 	C:\WINDOWS\System32\msvcp_win.dll
0x00007ffd984e0000 - 0x00007ffd984ea000 	C:\WINDOWS\SYSTEM32\VERSION.dll
0x00007ffda2d30000 - 0x00007ffda2d61000 	C:\WINDOWS\System32\IMM32.DLL
0x00007ffd851b0000 - 0x00007ffd851bc000 	C:\Program Files\Java\jdk-22\bin\vcruntime140_1.dll
0x00007ffd3ce10000 - 0x00007ffd3ce9e000 	C:\Program Files\Java\jdk-22\bin\msvcp140.dll
0x00007ffd36350000 - 0x00007ffd37097000 	C:\Program Files\Java\jdk-22\bin\server\jvm.dll
0x00007ffda0f50000 - 0x00007ffda0fc1000 	C:\WINDOWS\System32\WS2_32.dll
0x00007ffd9fdf0000 - 0x00007ffd9fe3d000 	C:\WINDOWS\SYSTEM32\POWRPROF.dll
0x00007ffd98580000 - 0x00007ffd985b4000 	C:\WINDOWS\SYSTEM32\WINMM.dll
0x00007ffd9fdd0000 - 0x00007ffd9fde3000 	C:\WINDOWS\SYSTEM32\UMPDC.dll
0x00007ffd9f0e0000 - 0x00007ffd9f0f8000 	C:\WINDOWS\SYSTEM32\kernel.appcore.dll
0x00007ffd84dd0000 - 0x00007ffd84dda000 	C:\Program Files\Java\jdk-22\bin\jimage.dll
0x00007ffd9a8e0000 - 0x00007ffd9ab12000 	C:\WINDOWS\SYSTEM32\DBGHELP.DLL
0x00007ffda1810000 - 0x00007ffda1b9e000 	C:\WINDOWS\System32\combase.dll
0x00007ffda1ef0000 - 0x00007ffda1fc7000 	C:\WINDOWS\System32\OLEAUT32.dll
0x00007ffd70a90000 - 0x00007ffd70ac2000 	C:\WINDOWS\SYSTEM32\dbgcore.DLL
0x00007ffda0a60000 - 0x00007ffda0adb000 	C:\WINDOWS\System32\bcryptPrimitives.dll
0x00007ffd47b40000 - 0x00007ffd47b5e000 	C:\Program Files\Java\jdk-22\bin\java.dll
0x00007ffda24c0000 - 0x00007ffda2d27000 	C:\WINDOWS\System32\SHELL32.dll
0x00007ffda15d0000 - 0x00007ffda1775000 	C:\WINDOWS\System32\ole32.dll

dbghelp: loaded successfully - version: 4.0.5 - missing functions: none
symbol engine: initialized successfully - sym options: 0x614 - pdb path: .;C:\Program Files\Java\jdk-22\bin;C:\WINDOWS\SYSTEM32;C:\WINDOWS\WinSxS\amd64_microsoft.windows.common-controls_6595b64144ccf1df_6.0.22621.3672_none_2713b9d173822955;C:\Program Files\Java\jdk-22\bin\server

VM Arguments:
jvm_args: --enable-preview -XX:+ShowCodeDetailsInExceptionMessages 
java_command: Score
java_class_path (initial): C:\Users\01\AppData\Roaming\Code\User\workspaceStorage\b89521305c54b668d810fee7df6dbe8f\redhat.java\jdt_ws\project_baa82a4e\bin
Launcher Type: SUN_STANDARD

[Global flags]
     intx CICompilerCount                          = 4                                         {product} {ergonomic}
     uint ConcGCThreads                            = 2                                         {product} {ergonomic}
     uint G1ConcRefinementThreads                  = 8                                         {product} {ergonomic}
   size_t G1HeapRegionSize                         = 1048576                                   {product} {ergonomic}
   size_t InitialHeapSize                          = 132120576                                 {product} {ergonomic}
   size_t MarkStackSize                            = 4194304                                   {product} {ergonomic}
   size_t MaxHeapSize                              = 2099249152                                {product} {ergonomic}
   size_t MinHeapDeltaBytes                        = 1048576                                   {product} {ergonomic}
   size_t MinHeapSize                              = 8388608                                   {product} {ergonomic}
    uintx NonNMethodCodeHeapSize                   = 5839372                                {pd product} {ergonomic}
    uintx NonProfiledCodeHeapSize                  = 122909434                              {pd product} {ergonomic}
    uintx ProfiledCodeHeapSize                     = 122909434                              {pd product} {ergonomic}
    uintx ReservedCodeCacheSize                    = 251658240                              {pd product} {ergonomic}
     bool SegmentedCodeCache                       = true                                      {product} {ergonomic}
     bool ShowCodeDetailsInExceptionMessages       = true                                   {manageable} {command line}
   size_t SoftMaxHeapSize                          = 2099249152                             {manageable} {ergonomic}
     bool UseCompressedOops                        = true                           {product lp64_product} {ergonomic}
     bool UseG1GC                                  = true                                      {product} {ergonomic}
     bool UseLargePagesIndividualAllocation        = false                                  {pd product} {ergonomic}

Logging:
Log output configuration:
 #0: stdout all=warning uptime,level,tags foldmultilines=false
 #1: stderr all=off uptime,level,tags foldmultilines=false

Environment Variables:
PATH=C:\oraclexe\app\oracle\product\10.2.0\server\bin;C:\Program Files\Common Files\Oracle\Java\javapath;C:\WINDOWS\system32;C:\WINDOWS;C:\WINDOWS\System32\Wbem;C:\WINDOWS\System32\WindowsPowerShell\v1.0\;C:\WINDOWS\System32\OpenSSH\;C:\MinGW\bin;C:\Program Files\nodejs\;C:\Program Files\Git\cmd;C:\Program Files (x86)\MySQL\mysql-connector-j-9.0.0;C:\Program Files\MySQL\MySQL Shell 8.0\bin\;D:\Anaconda;D:\Anaconda\Library\mingw-w64\bin;D:\Anaconda\Library\usr\bin;D:\Anaconda\Library\bin;D:\Anaconda\Scripts;C:\Users\01\AppData\Local\Programs\Python\Python312\Scripts\;C:\Users\01\AppData\Local\Programs\Python\Python312\;C:\Users\01\AppData\Local\Microsoft\WindowsApps;C:\Users\01\AppData\Local\Programs\Microsoft VS Code\bin;C:\Users\01\AppData\Roaming\npm;C:\Program Files (x86)\MySQL\mysql-connector-j-9.0.0;
USERNAME=01
LANG=en_US.UTF-8
OS=Windows_NT
PROCESSOR_IDENTIFIER=Intel64 Family 6 Model 142 Stepping 12, GenuineIntel
TMP=C:\Users\01\AppData\Local\Temp
TEMP=C:\Users\01\AppData\Local\Temp




Periodic native trim disabled

---------------  S Y S T E M  ---------------

OS:
 Windows 11 , 64 bit Build 22621 (10.0.22621.3958)
OS uptime: 1 days 8:37 hours
Hyper-V role detected

CPU: total 8 (initial active 8) (4 cores per cpu, 2 threads per core) family 6 model 142 stepping 12 microcode 0xde, cx8, cmov, fxsr, ht, mmx, 3dnowpref, sse, sse2, sse3, ssse3, sse4.1, sse4.2, popcnt, lzcnt, tsc, tscinvbit, avx, avx2, aes, erms, clmul, bmi1, bmi2, adx, fma, vzeroupper, clflush, clflushopt, hv, rdtscp, f16c
Processor Information for all 8 processors :
  Max Mhz: 1896, Current Mhz: 1596, Mhz Limit: 1592

Memory: 4k page, system-wide physical 8002M (591M free)
TotalPageFile size 20373M (AvailPageFile size 90M)
current process WorkingSet (physical memory assigned to process): 12M, peak: 12M
current process commit charge ("private bytes"): 60M, peak: 186M

vm_info: Java HotSpot(TM) 64-Bit Server VM (22.0.1+8-16) for windows-amd64 JRE (22.0.1+8-16), built on 2024-03-12T10:33:16Z by "mach5one" with MS VC++ 17.6 (VS2022)

END.
