#
# A fatal error has been detected by the Java Runtime Environment:
#
#  EXCEPTION_ACCESS_VIOLATION (0xc0000005) at pc=0x00007ffd84dd1b85, pid=22148, tid=22168
#
# JRE version:  (22.0.1+8) (build )
# Java VM: Java HotSpot(TM) 64-Bit Server VM (22.0.1+8-16, mixed mode, sharing, tiered, compressed class ptrs, unknown gc, windows-amd64)
# Problematic frame:
# C  [jimage.dll+0x1b85]
#
# No core dump will be written. Minidumps are not enabled by default on client versions of Windows
#
#

---------------  S U M M A R Y ------------

Command Line: 

Host: Intel(R) Core(TM) i5-8365U CPU @ 1.60GHz, 8 cores, 7G,  Windows 11 , 64 bit Build 22621 (10.0.22621.3958)
Time: Sat Sep  7 22:57:10 2024 India Standard Time elapsed time: 0.034847 seconds (0d 0h 0m 0s)

---------------  T H R E A D  ---------------

Current thread is native thread

Stack: [0x00000082fbb00000,0x00000082fbc00000],  sp=0x00000082fbbfe330,  free space=1016k
Native frames: (J=compiled Java code, j=interpreted, Vv=VM code, C=native code)
C  [jimage.dll+0x1b85]  (no source info available)
C  [jimage.dll+0x1d13]  (no source info available)
C  [jimage.dll+0x25dd]  (no source info available)
V  [jvm.dll+0x21d092]  (no source info available)
V  [jvm.dll+0xc7690]  (no source info available)
V  [jvm.dll+0x825b0c]  (no source info available)
V  [jvm.dll+0x45b8fe]  (no source info available)
V  [jvm.dll+0x45d781]  (no source info available)
C  [jli.dll+0x52a3]  (no source info available)
C  [ucrtbase.dll+0x29333]  (no source info available)
C  [KERNEL32.DLL+0x1257d]  (no source info available)
C  [ntdll.dll+0x5af28]  (no source info available)


siginfo: EXCEPTION_ACCESS_VIOLATION (0xc0000005), reading address 0x000000000000236c


Registers:
RAX=0x00000000000008d4, RBX=0x00000082fbbfe421, RCX=0x00007ffd84dd6000, RDX=0x00000000000008d4
RSP=0x00000082fbbfe330, RBP=0x00000082fbbfe420, RSI=0x00000000000077a6, RDI=0x00000082fbbfe420
R8 =0x00007ffd84dd4298, R9 =0x000000000000001c, R10=0x00007ffd47b60000, R11=0x00007ffd84dd6000
R12=0x0000000000000000, R13=0x00000082fbbffe80, R14=0x00000082fbbff490, R15=0x00007ffd36d20e30
RIP=0x00007ffd84dd1b85, EFLAGS=0x0000000000010246


Top of Stack: (sp=0x00000082fbbfe330)
0x00000082fbbfe330:   0000000000000000 0000000000000000
0x00000082fbbfe340:   0000000000000000 0000000000000000
0x00000082fbbfe350:   00000229fbe7c820 00007ffd84dd1d13
0x00000082fbbfe360:   000000000000000b 00000229fbe7c820
0x00000082fbbfe370:   0000000000000000 0000000000000000
0x00000082fbbfe380:   0000000000000000 0000000000000000
0x00000082fbbfe390:   0000000000000000 0000000000000000
0x00000082fbbfe3a0:   0000000000000000 0000000000000000
0x00000082fbbfe3b0:   0000000000000000 0000000000000000
0x00000082fbbfe3c0:   0000c407fca2631b 0000000000000000
0x00000082fbbfe3d0:   00007ffd36cfed50 0000000000000017
0x00000082fbbfe3e0:   00000229fbe7c820 00000082fbbff490
0x00000082fbbfe3f0:   000000000000000b 00007ffd84dd25dd
0x00000082fbbfe400:   0000000000000000 0000000000000000
0x00000082fbbfe410:   0000000000000000 0000000000000000
0x00000082fbbfe420:   61622e6176616a2f 692f6b646a2f6573
0x00000082fbbfe430:   2f6c616e7265746e 6f6974706f2f6d76
0x00000082fbbfe440:   000000000000736e 0000000000000000
0x00000082fbbfe450:   0000000000000000 0000000000000000
0x00000082fbbfe460:   0000000000000000 0000000000000000
0x00000082fbbfe470:   0000000000000000 0000000000000000
0x00000082fbbfe480:   0000000000000000 0000000000000000
0x00000082fbbfe490:   0000000000000000 0000000000000000
0x00000082fbbfe4a0:   0000000000000000 0000000000000000
0x00000082fbbfe4b0:   0000000000000000 0000000000000000
0x00000082fbbfe4c0:   0000000000000000 0000000000000000
0x00000082fbbfe4d0:   0000000000000000 0000000000000000
0x00000082fbbfe4e0:   0000000000000000 0000000000000000
0x00000082fbbfe4f0:   0000000000000000 0000000000000000
0x00000082fbbfe500:   0000000000000000 00000000ab0000ab
0x00000082fbbfe510:   00000229fbf5e520 00007ffda2def956
0x00000082fbbfe520:   00000229fbe60000 00000082fbbfe819 

Instructions: (pc=0x00007ffd84dd1b85)
0x00007ffd84dd1a85:   48 85 c9 74 1d 80 3d 7f 45 00 00 00 74 06 48 8b
0x00007ffd84dd1a95:   53 18 eb 04 48 8b 53 40 e8 9a 0e 00 00 48 83 63
0x00007ffd84dd1aa5:   48 00 8b 4b 0c 83 f9 ff 74 09 e8 d0 0c 00 00 83
0x00007ffd84dd1ab5:   4b 0c ff 48 8b 4b 70 48 85 c9 74 0f ba 10 00 00
0x00007ffd84dd1ac5:   00 e8 f1 0e 00 00 48 83 63 70 00 48 83 c4 20 5b
0x00007ffd84dd1ad5:   c3 cc cc 40 53 48 83 ec 20 48 8b d9 48 8d 0d 38
0x00007ffd84dd1ae5:   47 00 00 e8 9f 0c 00 00 83 6b 08 01 75 24 48 8b
0x00007ffd84dd1af5:   d3 48 8d 0d 1b 45 00 00 e8 22 08 00 00 48 8b cb
0x00007ffd84dd1b05:   e8 d6 fe ff ff ba 78 00 00 00 48 8b cb e8 a5 0e
0x00007ffd84dd1b15:   00 00 48 8d 0d 02 47 00 00 48 83 c4 20 5b e9 6c
0x00007ffd84dd1b25:   0c 00 00 48 89 5c 24 08 48 89 74 24 10 57 48 83
0x00007ffd84dd1b35:   ec 20 41 8b f1 4d 8b c8 48 8b fa 4c 8b d9 4d 85
0x00007ffd84dd1b45:   c0 74 78 85 f6 74 74 44 8a 12 48 8d 5a 01 48 8b
0x00007ffd84dd1b55:   d3 b8 93 01 00 01 eb 12 69 c0 93 01 00 01 41 0f
0x00007ffd84dd1b65:   b6 ca 44 8a 12 33 c1 48 ff c2 45 84 d2 75 e9 4d
0x00007ffd84dd1b75:   8b 03 0f ba f0 1f 33 d2 49 8b cb f7 f6 48 63 c2
0x00007ffd84dd1b85:   41 8b 14 81 41 ff 50 08 85 c0 7e 24 8a 0f eb 10
0x00007ffd84dd1b95:   69 c0 93 01 00 01 0f b6 c9 33 c1 8a 0b 48 ff c3
0x00007ffd84dd1ba5:   84 c9 75 ec 0f ba f0 1f 33 d2 f7 f6 8b c2 eb 0e
0x00007ffd84dd1bb5:   79 09 83 c9 ff 2b c8 8b c1 eb 03 83 c8 ff 48 8b
0x00007ffd84dd1bc5:   5c 24 30 48 8b 74 24 38 48 83 c4 20 5f c3 cc 48
0x00007ffd84dd1bd5:   89 5c 24 08 48 89 74 24 10 57 48 83 ec 20 48 8b
0x00007ffd84dd1be5:   f1 48 8d 0d 33 46 00 00 e8 9a 0b 00 00 33 ff 39
0x00007ffd84dd1bf5:   3d 1e 44 00 00 76 24 48 8b 05 1d 44 00 00 48 8b
0x00007ffd84dd1c05:   d6 48 8b 1c f8 48 8b 0b e8 68 1e 00 00 85 c0 74
0x00007ffd84dd1c15:   2b ff c7 3b 3d fa 43 00 00 72 dc 33 db 48 8d 0d
0x00007ffd84dd1c25:   f7 45 00 00 e8 66 0b 00 00 48 8b 74 24 38 48 8b
0x00007ffd84dd1c35:   c3 48 8b 5c 24 30 48 83 c4 20 5f c3 ff 43 08 eb
0x00007ffd84dd1c45:   dc cc cc 48 89 5c 24 08 48 89 74 24 10 57 48 83
0x00007ffd84dd1c55:   ec 20 48 8b d9 48 8b f2 48 8b 49 10 49 8b f8 8b
0x00007ffd84dd1c65:   53 30 48 8b 01 ff 50 20 4c 8b 43 50 48 8b d6 48
0x00007ffd84dd1c75:   8b 4b 10 44 8b c8 e8 a8 fe ff ff 83 f8 ff 74 38 



---------------  P R O C E S S  ---------------

VM state: not at safepoint (not fully initialized)

VM Mutex/Monitor currently owned by a thread: None

CDS archive(s) mapped at: [0x0000000000000000-0x0000000000000000-0x0000000000000000), size 0, SharedBaseAddress: 0x0000000800000000, ArchiveRelocationMode: 1.
Narrow klass base: 0x0000000000000000, Narrow klass shift: 0, Narrow klass range: 0x0

GC Precious Log:
<Not initialized>


Dynamic libraries:
0x00007ff7a23e0000 - 0x00007ff7a23f0000 	C:\Program Files\Java\jdk-22\bin\java.exe
0x00007ffda2db0000 - 0x00007ffda2fc7000 	C:\WINDOWS\SYSTEM32\ntdll.dll
0x00007ffda0ae0000 - 0x00007ffda0ba4000 	C:\WINDOWS\System32\KERNEL32.DLL
0x00007ffda0450000 - 0x00007ffda07fd000 	C:\WINDOWS\System32\KERNELBASE.dll
0x00007ffda0330000 - 0x00007ffda0441000 	C:\WINDOWS\System32\ucrtbase.dll
0x00007ffd47b60000 - 0x00007ffd47b7b000 	C:\Program Files\Java\jdk-22\bin\VCRUNTIME140.dll
0x00007ffd4c8c0000 - 0x00007ffd4c8d7000 	C:\Program Files\Java\jdk-22\bin\jli.dll
0x00007ffda14b0000 - 0x00007ffda1562000 	C:\WINDOWS\System32\ADVAPI32.dll
0x00007ffda1e10000 - 0x00007ffda1eb7000 	C:\WINDOWS\System32\msvcrt.dll
0x00007ffda1fd0000 - 0x00007ffda2079000 	C:\WINDOWS\System32\sechost.dll
0x00007ffda0800000 - 0x00007ffda0828000 	C:\WINDOWS\System32\bcrypt.dll
0x00007ffda0c10000 - 0x00007ffda0d24000 	C:\WINDOWS\System32\RPCRT4.dll
0x00007ffda2300000 - 0x00007ffda24ae000 	C:\WINDOWS\System32\USER32.dll
0x00007ffda0290000 - 0x00007ffda02b6000 	C:\WINDOWS\System32\win32u.dll
0x00007ffd8c0e0000 - 0x00007ffd8c373000 	C:\WINDOWS\WinSxS\amd64_microsoft.windows.common-controls_6595b64144ccf1df_6.0.22621.3672_none_2713b9d173822955\COMCTL32.dll
0x00007ffda1ec0000 - 0x00007ffda1ee9000 	C:\WINDOWS\System32\GDI32.dll
0x00007ffda00d0000 - 0x00007ffda01e9000 	C:\WINDOWS\System32\gdi32full.dll
0x00007ffda01f0000 - 0x00007ffda028a000 	C:\WINDOWS\System32\msvcp_win.dll
0x00007ffd984e0000 - 0x00007ffd984ea000 	C:\WINDOWS\SYSTEM32\VERSION.dll
0x00007ffda2d30000 - 0x00007ffda2d61000 	C:\WINDOWS\System32\IMM32.DLL
0x00007ffd851b0000 - 0x00007ffd851bc000 	C:\Program Files\Java\jdk-22\bin\vcruntime140_1.dll
0x00007ffd3ce10000 - 0x00007ffd3ce9e000 	C:\Program Files\Java\jdk-22\bin\msvcp140.dll
0x00007ffd36350000 - 0x00007ffd37097000 	C:\Program Files\Java\jdk-22\bin\server\jvm.dll
0x00007ffda0f50000 - 0x00007ffda0fc1000 	C:\WINDOWS\System32\WS2_32.dll
0x00007ffd9fdf0000 - 0x00007ffd9fe3d000 	C:\WINDOWS\SYSTEM32\POWRPROF.dll
0x00007ffd98580000 - 0x00007ffd985b4000 	C:\WINDOWS\SYSTEM32\WINMM.dll
0x00007ffd9fdd0000 - 0x00007ffd9fde3000 	C:\WINDOWS\SYSTEM32\UMPDC.dll
0x00007ffd9f0e0000 - 0x00007ffd9f0f8000 	C:\WINDOWS\SYSTEM32\kernel.appcore.dll
0x00007ffd84dd0000 - 0x00007ffd84dda000 	C:\Program Files\Java\jdk-22\bin\jimage.dll
0x00007ffd9a8e0000 - 0x00007ffd9ab12000 	C:\WINDOWS\SYSTEM32\DBGHELP.DLL
0x00007ffda1810000 - 0x00007ffda1b9e000 	C:\WINDOWS\System32\combase.dll
0x00007ffda1ef0000 - 0x00007ffda1fc7000 	C:\WINDOWS\System32\OLEAUT32.dll
0x00007ffd70a90000 - 0x00007ffd70ac2000 	C:\WINDOWS\SYSTEM32\dbgcore.DLL
0x00007ffda0a60000 - 0x00007ffda0adb000 	C:\WINDOWS\System32\bcryptPrimitives.dll

dbghelp: loaded successfully - version: 4.0.5 - missing functions: none
symbol engine: initialized successfully - sym options: 0x614 - pdb path: .;C:\Program Files\Java\jdk-22\bin;C:\WINDOWS\SYSTEM32;C:\WINDOWS\WinSxS\amd64_microsoft.windows.common-controls_6595b64144ccf1df_6.0.22621.3672_none_2713b9d173822955;C:\Program Files\Java\jdk-22\bin\server

VM Arguments:
java_command: <unknown>
java_class_path (initial): <not set>
Launcher Type: SUN_STANDARD

[Global flags]
     bool UseLargePagesIndividualAllocation        = false                                  {pd product} {ergonomic}

Logging:
Log output configuration:
 #0: stdout all=warning uptime,level,tags foldmultilines=false
 #1: stderr all=off uptime,level,tags foldmultilines=false

Environment Variables:
PATH=C:\oraclexe\app\oracle\product\10.2.0\server\bin;C:\Program Files\Common Files\Oracle\Java\javapath;C:\WINDOWS\system32;C:\WINDOWS;C:\WINDOWS\System32\Wbem;C:\WINDOWS\System32\WindowsPowerShell\v1.0\;C:\WINDOWS\System32\OpenSSH\;C:\MinGW\bin;C:\Program Files\nodejs\;C:\Program Files\Git\cmd;C:\Program Files (x86)\MySQL\mysql-connector-j-9.0.0;C:\Program Files\MySQL\MySQL Shell 8.0\bin\;D:\Anaconda;D:\Anaconda\Library\mingw-w64\bin;D:\Anaconda\Library\usr\bin;D:\Anaconda\Library\bin;D:\Anaconda\Scripts;C:\Users\01\AppData\Local\Programs\Python\Python312\Scripts\;C:\Users\01\AppData\Local\Programs\Python\Python312\;C:\Users\01\AppData\Local\Microsoft\WindowsApps;C:\Users\01\AppData\Local\Programs\Microsoft VS Code\bin;C:\Users\01\AppData\Roaming\npm;C:\Program Files (x86)\MySQL\mysql-connector-j-9.0.0;
USERNAME=01
LANG=en_US.UTF-8
OS=Windows_NT
PROCESSOR_IDENTIFIER=Intel64 Family 6 Model 142 Stepping 12, GenuineIntel
TMP=C:\Users\01\AppData\Local\Temp
TEMP=C:\Users\01\AppData\Local\Temp




Periodic native trim disabled

---------------  S Y S T E M  ---------------

OS:
 Windows 11 , 64 bit Build 22621 (10.0.22621.3958)
OS uptime: 1 days 8:37 hours

CPU: total 8 (initial active 0) 
Processor Information for all 8 processors :
  Max Mhz: 1896, Current Mhz: 1596, Mhz Limit: 1592

Memory: 4k page, system-wide physical 8002M (523M free)
TotalPageFile size 20373M (AvailPageFile size 4M)
current process WorkingSet (physical memory assigned to process): 8M, peak: 8M
current process commit charge ("private bytes"): 3M, peak: 3M

vm_info: Java HotSpot(TM) 64-Bit Server VM (22.0.1+8-16) for windows-amd64 JRE (22.0.1+8-16), built on 2024-03-12T10:33:16Z by "mach5one" with MS VC++ 17.6 (VS2022)

END.
